# Logfile created on 2014-09-04 14:07:31 -0400 by logger.rb/44203
I, [2014-09-04T14:07:31.669923 #16340]  INFO -- : 0:  RedCloth (4.2.9) from /Users/jonathan/.rbenv/versions/2.1.0/lib/ruby/gems/2.1.0/specifications/RedCloth-4.2.9.gemspec
I, [2014-09-04T14:07:31.670359 #16340]  INFO -- : 0:  i18n (0.6.11) from /Users/jonathan/.rbenv/versions/2.1.0/lib/ruby/gems/2.1.0/specifications/i18n-0.6.11.gemspec
I, [2014-09-04T14:07:31.670625 #16340]  INFO -- : 0:  json (1.8.1) from /Users/jonathan/.rbenv/versions/2.1.0/lib/ruby/gems/2.1.0/specifications/default/json-1.8.1.gemspec
I, [2014-09-04T14:07:31.670942 #16340]  INFO -- : 0:  minitest (5.4.1) from /Users/jonathan/.rbenv/versions/2.1.0/lib/ruby/gems/2.1.0/specifications/minitest-5.4.1.gemspec
I, [2014-09-04T14:07:31.671264 #16340]  INFO -- : 0:  thread_safe (0.3.4) from /Users/jonathan/.rbenv/versions/2.1.0/lib/ruby/gems/2.1.0/specifications/thread_safe-0.3.4.gemspec
I, [2014-09-04T14:07:31.671591 #16340]  INFO -- : 0:  tzinfo (1.2.2) from /Users/jonathan/.rbenv/versions/2.1.0/lib/ruby/gems/2.1.0/specifications/tzinfo-1.2.2.gemspec
I, [2014-09-04T14:07:31.671968 #16340]  INFO -- : 0:  activesupport (4.1.5) from /Users/jonathan/.rbenv/versions/2.1.0/lib/ruby/gems/2.1.0/specifications/activesupport-4.1.5.gemspec
I, [2014-09-04T14:07:31.672288 #16340]  INFO -- : 0:  blankslate (2.1.2.4) from /Users/jonathan/.rbenv/versions/2.1.0/lib/ruby/gems/2.1.0/specifications/blankslate-2.1.2.4.gemspec
I, [2014-09-04T14:07:31.672596 #16340]  INFO -- : 0:  timers (1.1.0) from /Users/jonathan/.rbenv/versions/2.1.0/lib/ruby/gems/2.1.0/specifications/timers-1.1.0.gemspec
I, [2014-09-04T14:07:31.672903 #16340]  INFO -- : 0:  celluloid (0.15.2) from /Users/jonathan/.rbenv/versions/2.1.0/lib/ruby/gems/2.1.0/specifications/celluloid-0.15.2.gemspec
I, [2014-09-04T14:07:31.673243 #16340]  INFO -- : 0:  fast-stemmer (1.0.2) from /Users/jonathan/.rbenv/versions/2.1.0/lib/ruby/gems/2.1.0/specifications/fast-stemmer-1.0.2.gemspec
I, [2014-09-04T14:07:31.673598 #16340]  INFO -- : 0:  classifier (1.3.4) from /Users/jonathan/.rbenv/versions/2.1.0/lib/ruby/gems/2.1.0/specifications/classifier-1.3.4.gemspec
I, [2014-09-04T14:07:31.673944 #16340]  INFO -- : 0:  coffee-script-source (1.8.0) from /Users/jonathan/.rbenv/versions/2.1.0/lib/ruby/gems/2.1.0/specifications/coffee-script-source-1.8.0.gemspec
I, [2014-09-04T14:07:31.674299 #16340]  INFO -- : 0:  execjs (2.2.1) from /Users/jonathan/.rbenv/versions/2.1.0/lib/ruby/gems/2.1.0/specifications/execjs-2.2.1.gemspec
I, [2014-09-04T14:07:31.674656 #16340]  INFO -- : 0:  coffee-script (2.3.0) from /Users/jonathan/.rbenv/versions/2.1.0/lib/ruby/gems/2.1.0/specifications/coffee-script-2.3.0.gemspec
I, [2014-09-04T14:07:31.675009 #16340]  INFO -- : 0:  colorator (0.1) from /Users/jonathan/.rbenv/versions/2.1.0/lib/ruby/gems/2.1.0/specifications/colorator-0.1.gemspec
I, [2014-09-04T14:07:31.675365 #16340]  INFO -- : 0:  ffi (1.9.3) from /Users/jonathan/.rbenv/versions/2.1.0/lib/ruby/gems/2.1.0/specifications/ffi-1.9.3.gemspec
I, [2014-09-04T14:07:31.675722 #16340]  INFO -- : 0:  gemoji (2.1.0) from /Users/jonathan/.rbenv/versions/2.1.0/lib/ruby/gems/2.1.0/specifications/gemoji-2.1.0.gemspec
I, [2014-09-04T14:07:31.676077 #16340]  INFO -- : 0:  jekyll-coffeescript (1.0.0) from /Users/jonathan/.rbenv/versions/2.1.0/lib/ruby/gems/2.1.0/specifications/jekyll-coffeescript-1.0.0.gemspec
I, [2014-09-04T14:07:31.676430 #16340]  INFO -- : 0:  jekyll-gist (1.1.0) from /Users/jonathan/.rbenv/versions/2.1.0/lib/ruby/gems/2.1.0/specifications/jekyll-gist-1.1.0.gemspec
I, [2014-09-04T14:07:31.676760 #16340]  INFO -- : 0:  jekyll-paginate (1.0.0) from /Users/jonathan/.rbenv/versions/2.1.0/lib/ruby/gems/2.1.0/specifications/jekyll-paginate-1.0.0.gemspec
I, [2014-09-04T14:07:31.677114 #16340]  INFO -- : 0:  sass (3.4.2) from /Users/jonathan/.rbenv/versions/2.1.0/lib/ruby/gems/2.1.0/specifications/sass-3.4.2.gemspec
I, [2014-09-04T14:07:31.677502 #16340]  INFO -- : 0:  jekyll-sass-converter (1.2.0) from /Users/jonathan/.rbenv/versions/2.1.0/lib/ruby/gems/2.1.0/specifications/jekyll-sass-converter-1.2.0.gemspec
I, [2014-09-04T14:07:31.677848 #16340]  INFO -- : 0:  rb-fsevent (0.9.4) from /Users/jonathan/.rbenv/versions/2.1.0/lib/ruby/gems/2.1.0/specifications/rb-fsevent-0.9.4.gemspec
I, [2014-09-04T14:07:31.678174 #16340]  INFO -- : 0:  rb-inotify (0.9.5) from /Users/jonathan/.rbenv/versions/2.1.0/lib/ruby/gems/2.1.0/specifications/rb-inotify-0.9.5.gemspec
I, [2014-09-04T14:07:31.678505 #16340]  INFO -- : 0:  listen (2.7.9) from /Users/jonathan/.rbenv/versions/2.1.0/lib/ruby/gems/2.1.0/specifications/listen-2.7.9.gemspec
I, [2014-09-04T14:07:31.678876 #16340]  INFO -- : 0:  jekyll-watch (1.1.0) from /Users/jonathan/.rbenv/versions/2.1.0/lib/ruby/gems/2.1.0/specifications/jekyll-watch-1.1.0.gemspec
I, [2014-09-04T14:07:31.679450 #16340]  INFO -- : 0:  kramdown (1.3.1) from /Users/jonathan/.rbenv/versions/2.1.0/lib/ruby/gems/2.1.0/specifications/kramdown-1.3.1.gemspec
I, [2014-09-04T14:07:31.679981 #16340]  INFO -- : 0:  liquid (2.6.1) from /Users/jonathan/.rbenv/versions/2.1.0/lib/ruby/gems/2.1.0/specifications/liquid-2.6.1.gemspec
I, [2014-09-04T14:07:31.680453 #16340]  INFO -- : 0:  mercenary (0.3.4) from /Users/jonathan/.rbenv/versions/2.1.0/lib/ruby/gems/2.1.0/specifications/mercenary-0.3.4.gemspec
I, [2014-09-04T14:07:31.680958 #16340]  INFO -- : 0:  posix-spawn (0.3.9) from /Users/jonathan/.rbenv/versions/2.1.0/lib/ruby/gems/2.1.0/specifications/posix-spawn-0.3.9.gemspec
I, [2014-09-04T14:07:31.681457 #16340]  INFO -- : 0:  yajl-ruby (1.1.0) from /Users/jonathan/.rbenv/versions/2.1.0/lib/ruby/gems/2.1.0/specifications/yajl-ruby-1.1.0.gemspec
I, [2014-09-04T14:07:31.681956 #16340]  INFO -- : 0:  pygments.rb (0.6.0) from /Users/jonathan/.rbenv/versions/2.1.0/lib/ruby/gems/2.1.0/specifications/pygments.rb-0.6.0.gemspec
I, [2014-09-04T14:07:31.682469 #16340]  INFO -- : 0:  redcarpet (3.1.2) from /Users/jonathan/.rbenv/versions/2.1.0/lib/ruby/gems/2.1.0/specifications/redcarpet-3.1.2.gemspec
I, [2014-09-04T14:07:31.682821 #16340]  INFO -- : 0:  safe_yaml (1.0.3) from /Users/jonathan/.rbenv/versions/2.1.0/lib/ruby/gems/2.1.0/specifications/safe_yaml-1.0.3.gemspec
I, [2014-09-04T14:07:31.683144 #16340]  INFO -- : 0:  parslet (1.5.0) from /Users/jonathan/.rbenv/versions/2.1.0/lib/ruby/gems/2.1.0/specifications/parslet-1.5.0.gemspec
I, [2014-09-04T14:07:31.683466 #16340]  INFO -- : 0:  toml (0.1.1) from /Users/jonathan/.rbenv/versions/2.1.0/lib/ruby/gems/2.1.0/specifications/toml-0.1.1.gemspec
I, [2014-09-04T14:07:31.683792 #16340]  INFO -- : 0:  jekyll (2.2.0) from /Users/jonathan/.rbenv/versions/2.1.0/lib/ruby/gems/2.1.0/specifications/jekyll-2.2.0.gemspec
I, [2014-09-04T14:07:31.684098 #16340]  INFO -- : 0:  mini_portile (0.6.0) from /Users/jonathan/.rbenv/versions/2.1.0/lib/ruby/gems/2.1.0/specifications/mini_portile-0.6.0.gemspec
I, [2014-09-04T14:07:31.684432 #16340]  INFO -- : 0:  nokogiri (1.6.3.1) from /Users/jonathan/.rbenv/versions/2.1.0/lib/ruby/gems/2.1.0/specifications/nokogiri-1.6.3.1.gemspec
I, [2014-09-04T14:07:31.684760 #16340]  INFO -- : 0:  html-pipeline (1.9.0) from /Users/jonathan/.rbenv/versions/2.1.0/lib/ruby/gems/2.1.0/specifications/html-pipeline-1.9.0.gemspec
I, [2014-09-04T14:07:31.685097 #16340]  INFO -- : 0:  jekyll-mentions (0.1.3) from /Users/jonathan/.rbenv/versions/2.1.0/lib/ruby/gems/2.1.0/specifications/jekyll-mentions-0.1.3.gemspec
I, [2014-09-04T14:07:31.689793 #16340]  INFO -- : 0:  jekyll-redirect-from (0.6.0) from /Users/jonathan/.rbenv/versions/2.1.0/lib/ruby/gems/2.1.0/specifications/jekyll-redirect-from-0.6.0.gemspec
I, [2014-09-04T14:07:31.690164 #16340]  INFO -- : 0:  jekyll-sitemap (0.5.1) from /Users/jonathan/.rbenv/versions/2.1.0/lib/ruby/gems/2.1.0/specifications/jekyll-sitemap-0.5.1.gemspec
I, [2014-09-04T14:07:31.690473 #16340]  INFO -- : 0:  jemoji (0.3.0) from /Users/jonathan/.rbenv/versions/2.1.0/lib/ruby/gems/2.1.0/specifications/jemoji-0.3.0.gemspec
I, [2014-09-04T14:07:31.690785 #16340]  INFO -- : 0:  maruku (0.7.0) from /Users/jonathan/.rbenv/versions/2.1.0/lib/ruby/gems/2.1.0/specifications/maruku-0.7.0.gemspec
I, [2014-09-04T14:07:31.691094 #16340]  INFO -- : 0:  rdiscount (2.1.7) from /Users/jonathan/.rbenv/versions/2.1.0/lib/ruby/gems/2.1.0/specifications/rdiscount-2.1.7.gemspec
I, [2014-09-04T14:07:31.691441 #16340]  INFO -- : 0:  github-pages (23) from /Users/jonathan/.rbenv/versions/2.1.0/lib/ruby/gems/2.1.0/specifications/github-pages-23.gemspec
I, [2014-09-04T14:07:31.691690 #16340]  INFO -- : 0:  bundler (1.5.1) from /Users/jonathan/.rbenv/versions/2.1.0/lib/ruby/gems/2.1.0/specifications/bundler-1.5.1.gemspec
